INFO (2022-10-02 17:20:27,260): Updated IHME health spending data
INFO (2022-10-02 17:20:28,056): Updated IHME health spending codes
INFO (2022-10-02 17:36:27,498): Updated OWID data
INFO (2022-10-02 17:38:50,627): Updated DTP data from WHO.
INFO (2022-10-02 17:40:09,173): Updated OWID data
INFO (2022-10-02 17:41:41,527): Updated OWID data
INFO (2022-10-02 17:43:25,928): Updated DTP data from WHO.
INFO (2022-10-02 17:43:27,565): Updated IHME health spending data
INFO (2022-10-02 17:43:28,289): Updated IHME health spending codes
INFO (2022-10-02 16:25:56,075): Updated OWID data
INFO (2022-10-02 16:26:29,513): Updated daily charts in health page
INFO (2022-10-02 16:28:15,878): Updated WFP data (insufficient food)
INFO (2022-10-02 16:28:21,528): Updated WFP insufficient food charts
INFO (2022-10-02 16:28:24,761): Updated vaccination rate chart
INFO (2022-10-02 16:28:24,763): Updated overview text (summary) json
INFO (2022-10-02 16:28:24,763): Updated daily charts in country page
INFO (2022-10-02 16:55:13,840): Updated DTP data from WHO.
INFO (2022-10-02 16:55:17,212): Updated IHME health spending data
INFO (2022-10-02 16:55:17,302): Updated IHME health spending codes
INFO (2022-10-02 16:55:17,756): Updated monthly charts in health page
